Flow report for Lab3
Wed Oct 12 15:59:21 2022
Quartus Prime Version 19.1.0 Build 670 09/22/2019 SJ Standard Edition


---------------------
; Table of Contents ;
---------------------
  1. Legal Notice
  2. Flow Summary
  3. Flow Settings
  4. Flow Non-Default Global Settings
  5. Flow Elapsed Time
  6. Flow OS Summary
  7. Flow Log
  8. Flow Messages
  9. Flow Suppressed Messages



----------------
; Legal Notice ;
----------------
Copyright (C) 2019  Intel Corporation. All rights reserved.
Your use of Intel Corporation's design tools, logic functions 
and other software and tools, and any partner logic 
functions, and any output files from any of the foregoing 
(including device programming or simulation files), and any 
associated documentation or information are expressly subject 
to the terms and conditions of the Intel Program License 
Subscription Agreement, the Intel Quartus Prime License Agreement,
the Intel FPGA IP License Agreement, or other applicable license
agreement, including, without limitation, that your use is for
the sole purpose of programming logic devices manufactured by
Intel and sold by Intel or its authorized distributors.  Please
refer to the applicable agreement for further details, at
https://fpgasoftware.intel.com/eula.



+--------------------------------------------------------------------------------------+
; Flow Summary                                                                         ;
+------------------------------------+-------------------------------------------------+
; Flow Status                        ; Successful - Wed Oct 12 15:59:21 2022           ;
; Quartus Prime Version              ; 19.1.0 Build 670 09/22/2019 SJ Standard Edition ;
; Revision Name                      ; Lab3                                            ;
; Top-level Entity Name              ; adder2                                          ;
; Family                             ; MAX 10                                          ;
; Device                             ; 10M50DAF484C7G                                  ;
; Timing Models                      ; Final                                           ;
; Total logic elements               ; 89                                              ;
;     Total combinational functions  ; 89                                              ;
;     Dedicated logic registers      ; 20                                              ;
; Total registers                    ; 20                                              ;
; Total pins                         ; 65                                              ;
; Total virtual pins                 ; 0                                               ;
; Total memory bits                  ; 0                                               ;
; Embedded Multiplier 9-bit elements ; 0                                               ;
; Total PLLs                         ; 0                                               ;
; UFM blocks                         ; 0                                               ;
; ADC blocks                         ; 0                                               ;
+------------------------------------+-------------------------------------------------+


+-----------------------------------------+
; Flow Settings                           ;
+-------------------+---------------------+
; Option            ; Setting             ;
+-------------------+---------------------+
; Start date & time ; 10/12/2022 15:59:14 ;
; Main task         ; Compilation         ;
; Revision Name     ; Lab3                ;
+-------------------+---------------------+


+----------------------------------------------------------------------------------------------------------------------------------------------------+
; Flow Non-Default Global Settings                                                                                                                   ;
+--------------------------------------+--------------------------------------------------------------+---------------+-------------+----------------+
; Assignment Name                      ; Value                                                        ; Default Value ; Entity Name ; Section Id     ;
+--------------------------------------+--------------------------------------------------------------+---------------+-------------+----------------+
; COMPILER_SIGNATURE_ID                ; 225373656116316.166560835424206                              ; --            ; --          ; --             ;
; EDA_DESIGN_INSTANCE_NAME             ; NA                                                           ; --            ; --          ; testbench_L3   ;
; EDA_NATIVELINK_SIMULATION_TEST_BENCH ; testbench_L3                                                 ; --            ; --          ; eda_simulation ;
; EDA_NETLIST_WRITER_OUTPUT_DIR        ; C:\Users\zdrag\Documents\GitHub\385-FA2022\Lab3\output_files ; --            ; --          ; eda_simulation ;
; EDA_OUTPUT_DATA_FORMAT               ; Systemverilog Hdl                                            ; --            ; --          ; eda_simulation ;
; EDA_SIMULATION_TOOL                  ; ModelSim-Altera (SystemVerilog)                              ; <None>        ; --          ; --             ;
; EDA_TEST_BENCH_ENABLE_STATUS         ; TEST_BENCH_MODE                                              ; --            ; --          ; eda_simulation ;
; EDA_TEST_BENCH_FILE                  ; testbench_L3.sv                                              ; --            ; --          ; testbench_L3   ;
; EDA_TEST_BENCH_MODULE_NAME           ; testbench_L3                                                 ; --            ; --          ; testbench_L3   ;
; EDA_TEST_BENCH_NAME                  ; testbench_L3                                                 ; --            ; --          ; eda_simulation ;
; EDA_TEST_BENCH_RUN_SIM_FOR           ; 1000 ns                                                      ; --            ; --          ; testbench_L3   ;
; EDA_TIME_SCALE                       ; 1 ps                                                         ; --            ; --          ; eda_simulation ;
; MAX_CORE_JUNCTION_TEMP               ; 85                                                           ; --            ; --          ; --             ;
; MIN_CORE_JUNCTION_TEMP               ; 0                                                            ; --            ; --          ; --             ;
; PARTITION_COLOR                      ; -- (Not supported for targeted family)                       ; --            ; adder2      ; Top            ;
; PARTITION_FITTER_PRESERVATION_LEVEL  ; -- (Not supported for targeted family)                       ; --            ; adder2      ; Top            ;
; PARTITION_NETLIST_TYPE               ; -- (Not supported for targeted family)                       ; --            ; adder2      ; Top            ;
; POWER_BOARD_THERMAL_MODEL            ; None (CONSERVATIVE)                                          ; --            ; --          ; --             ;
; POWER_PRESET_COOLING_SOLUTION        ; 23 MM HEAT SINK WITH 200 LFPM AIRFLOW                        ; --            ; --          ; --             ;
; PROJECT_OUTPUT_DIRECTORY             ; output_files                                                 ; --            ; --          ; --             ;
; TOP_LEVEL_ENTITY                     ; adder2                                                       ; Lab3          ; --          ; --             ;
+--------------------------------------+--------------------------------------------------------------+---------------+-------------+----------------+


+--------------------------------------------------------------------------------------------------------------------------+
; Flow Elapsed Time                                                                                                        ;
+----------------------+--------------+-------------------------+---------------------+------------------------------------+
; Module Name          ; Elapsed Time ; Average Processors Used ; Peak Virtual Memory ; Total CPU Time (on all processors) ;
+----------------------+--------------+-------------------------+---------------------+------------------------------------+
; Analysis & Synthesis ; 00:00:07     ; 1.0                     ; 916 MB              ; 00:00:16                           ;
; Total                ; 00:00:07     ; --                      ; --                  ; 00:00:16                           ;
+----------------------+--------------+-------------------------+---------------------+------------------------------------+


+------------------------------------------------------------------------------------------------+
; Flow OS Summary                                                                                ;
+----------------------+--------------------------+----------------+------------+----------------+
; Module Name          ; Machine Hostname         ; OS Name        ; OS Version ; Processor type ;
+----------------------+--------------------------+----------------+------------+----------------+
; Analysis & Synthesis ; ajinusnlch-ThinkPad-X390 ; Ubuntu 22.04.1 ; 22         ; x86_64         ;
+----------------------+--------------------------+----------------+------------+----------------+


------------
; Flow Log ;
------------
quartus_map --read_settings_files=on --write_settings_files=off Lab3 -c Lab3



