Analysis & Synthesis report for Lab5
Wed Sep 28 17:55:48 2022
Quartus Prime Version 18.1.0 Build 625 09/12/2018 SJ Lite Edition


---------------------
; Table of Contents ;
---------------------
  1. Legal Notice
  2. Analysis & Synthesis Summary
  3. Analysis & Synthesis Settings
  4. Parallel Compilation
  5. Analysis & Synthesis Source Files Read
  6. Analysis & Synthesis Resource Usage Summary
  7. Analysis & Synthesis Resource Utilization by Entity
  8. State Machine - |slc3_testtop|slc3:slc|ISDU:state_controller|State
  9. Registers Removed During Synthesis
 10. Removed Registers Triggering Further Register Optimizations
 11. General Register Statistics
 12. Multiplexer Restructuring Statistics (Restructuring Performed)
 13. Parameter Settings for User Entity Instance: test_memory:mem
 14. Parameter Settings for User Entity Instance: test_memory:mem|memory_parser:parser
 15. Port Connectivity Checks: "slc3:slc|ISDU:state_controller"
 16. Port Connectivity Checks: "slc3:slc|Mem2IO:memory_subsystem"
 17. Port Connectivity Checks: "slc3:slc|reg_16:IR_reg"
 18. Port Connectivity Checks: "slc3:slc|bufferMUX:bufferMUX"
 19. Port Connectivity Checks: "slc3:slc"
 20. Post-Synthesis Netlist Statistics for Top Partition
 21. Elapsed Time Per Partition
 22. Analysis & Synthesis Messages
 23. Analysis & Synthesis Suppressed Messages



----------------
; Legal Notice ;
----------------
Copyright (C) 2018  Intel Corporation. All rights reserved.
Your use of Intel Corporation's design tools, logic functions 
and other software and tools, and its AMPP partner logic 
functions, and any output files from any of the foregoing 
(including device programming or simulation files), and any 
associated documentation or information are expressly subject 
to the terms and conditions of the Intel Program License 
Subscription Agreement, the Intel Quartus Prime License Agreement,
the Intel FPGA IP License Agreement, or other applicable license
agreement, including, without limitation, that your use is for
the sole purpose of programming logic devices manufactured by
Intel and sold by Intel or its authorized distributors.  Please
refer to the applicable agreement for further details.



+----------------------------------------------------------------------------------+
; Analysis & Synthesis Summary                                                     ;
+------------------------------------+---------------------------------------------+
; Analysis & Synthesis Status        ; Successful - Wed Sep 28 17:55:48 2022       ;
; Quartus Prime Version              ; 18.1.0 Build 625 09/12/2018 SJ Lite Edition ;
; Revision Name                      ; Lab5                                        ;
; Top-level Entity Name              ; slc3_testtop                                ;
; Family                             ; MAX 10                                      ;
; Total logic elements               ; 0                                           ;
;     Total combinational functions  ; 0                                           ;
;     Dedicated logic registers      ; 0                                           ;
; Total registers                    ; 0                                           ;
; Total pins                         ; 51                                          ;
; Total virtual pins                 ; 0                                           ;
; Total memory bits                  ; 0                                           ;
; Embedded Multiplier 9-bit elements ; 0                                           ;
; Total PLLs                         ; 0                                           ;
; UFM blocks                         ; 0                                           ;
; ADC blocks                         ; 0                                           ;
+------------------------------------+---------------------------------------------+


+------------------------------------------------------------------------------------------------------------+
; Analysis & Synthesis Settings                                                                              ;
+------------------------------------------------------------------+--------------------+--------------------+
; Option                                                           ; Setting            ; Default Value      ;
+------------------------------------------------------------------+--------------------+--------------------+
; Device                                                           ; 10M50DAF484C7G     ;                    ;
; Top-level entity name                                            ; slc3_testtop       ; Lab5               ;
; Family name                                                      ; MAX 10             ; Cyclone V          ;
; Use smart compilation                                            ; Off                ; Off                ;
; Enable parallel Assembler and Timing Analyzer during compilation ; On                 ; On                 ;
; Enable compact report table                                      ; Off                ; Off                ;
; Restructure Multiplexers                                         ; Auto               ; Auto               ;
; Create Debugging Nodes for IP Cores                              ; Off                ; Off                ;
; Preserve fewer node names                                        ; On                 ; On                 ;
; Intel FPGA IP Evaluation Mode                                    ; Enable             ; Enable             ;
; Verilog Version                                                  ; Verilog_2001       ; Verilog_2001       ;
; VHDL Version                                                     ; VHDL_1993          ; VHDL_1993          ;
; State Machine Processing                                         ; Auto               ; Auto               ;
; Safe State Machine                                               ; Off                ; Off                ;
; Extract Verilog State Machines                                   ; On                 ; On                 ;
; Extract VHDL State Machines                                      ; On                 ; On                 ;
; Ignore Verilog initial constructs                                ; Off                ; Off                ;
; Iteration limit for constant Verilog loops                       ; 5000               ; 5000               ;
; Iteration limit for non-constant Verilog loops                   ; 250                ; 250                ;
; Add Pass-Through Logic to Inferred RAMs                          ; On                 ; On                 ;
; Infer RAMs from Raw Logic                                        ; On                 ; On                 ;
; Parallel Synthesis                                               ; On                 ; On                 ;
; DSP Block Balancing                                              ; Auto               ; Auto               ;
; NOT Gate Push-Back                                               ; On                 ; On                 ;
; Power-Up Don't Care                                              ; On                 ; On                 ;
; Remove Redundant Logic Cells                                     ; Off                ; Off                ;
; Remove Duplicate Registers                                       ; On                 ; On                 ;
; Ignore CARRY Buffers                                             ; Off                ; Off                ;
; Ignore CASCADE Buffers                                           ; Off                ; Off                ;
; Ignore GLOBAL Buffers                                            ; Off                ; Off                ;
; Ignore ROW GLOBAL Buffers                                        ; Off                ; Off                ;
; Ignore LCELL Buffers                                             ; Off                ; Off                ;
; Ignore SOFT Buffers                                              ; On                 ; On                 ;
; Limit AHDL Integers to 32 Bits                                   ; Off                ; Off                ;
; Optimization Technique                                           ; Balanced           ; Balanced           ;
; Carry Chain Length                                               ; 70                 ; 70                 ;
; Auto Carry Chains                                                ; On                 ; On                 ;
; Auto Open-Drain Pins                                             ; On                 ; On                 ;
; Perform WYSIWYG Primitive Resynthesis                            ; Off                ; Off                ;
; Auto ROM Replacement                                             ; On                 ; On                 ;
; Auto RAM Replacement                                             ; On                 ; On                 ;
; Auto DSP Block Replacement                                       ; On                 ; On                 ;
; Auto Shift Register Replacement                                  ; Auto               ; Auto               ;
; Allow Shift Register Merging across Hierarchies                  ; Auto               ; Auto               ;
; Auto Clock Enable Replacement                                    ; On                 ; On                 ;
; Strict RAM Replacement                                           ; Off                ; Off                ;
; Allow Synchronous Control Signals                                ; On                 ; On                 ;
; Force Use of Synchronous Clear Signals                           ; Off                ; Off                ;
; Auto RAM Block Balancing                                         ; On                 ; On                 ;
; Auto RAM to Logic Cell Conversion                                ; Off                ; Off                ;
; Auto Resource Sharing                                            ; Off                ; Off                ;
; Allow Any RAM Size For Recognition                               ; Off                ; Off                ;
; Allow Any ROM Size For Recognition                               ; Off                ; Off                ;
; Allow Any Shift Register Size For Recognition                    ; Off                ; Off                ;
; Use LogicLock Constraints during Resource Balancing              ; On                 ; On                 ;
; Ignore translate_off and synthesis_off directives                ; Off                ; Off                ;
; Timing-Driven Synthesis                                          ; On                 ; On                 ;
; Report Parameter Settings                                        ; On                 ; On                 ;
; Report Source Assignments                                        ; On                 ; On                 ;
; Report Connectivity Checks                                       ; On                 ; On                 ;
; Ignore Maximum Fan-Out Assignments                               ; Off                ; Off                ;
; Synchronization Register Chain Length                            ; 2                  ; 2                  ;
; Power Optimization During Synthesis                              ; Normal compilation ; Normal compilation ;
; HDL message level                                                ; Level2             ; Level2             ;
; Suppress Register Optimization Related Messages                  ; Off                ; Off                ;
; Number of Removed Registers Reported in Synthesis Report         ; 5000               ; 5000               ;
; Number of Swept Nodes Reported in Synthesis Report               ; 5000               ; 5000               ;
; Number of Inverted Registers Reported in Synthesis Report        ; 100                ; 100                ;
; Clock MUX Protection                                             ; On                 ; On                 ;
; Auto Gated Clock Conversion                                      ; Off                ; Off                ;
; Block Design Naming                                              ; Auto               ; Auto               ;
; SDC constraint protection                                        ; Off                ; Off                ;
; Synthesis Effort                                                 ; Auto               ; Auto               ;
; Shift Register Replacement - Allow Asynchronous Clear Signal     ; On                 ; On                 ;
; Pre-Mapping Resynthesis Optimization                             ; Off                ; Off                ;
; Analysis & Synthesis Message Level                               ; Medium             ; Medium             ;
; Disable Register Merging Across Hierarchies                      ; Auto               ; Auto               ;
; Resource Aware Inference For Block RAM                           ; On                 ; On                 ;
+------------------------------------------------------------------+--------------------+--------------------+


+------------------------------------------+
; Parallel Compilation                     ;
+----------------------------+-------------+
; Processors                 ; Number      ;
+----------------------------+-------------+
; Number detected on machine ; 8           ;
; Maximum allowed            ; 4           ;
;                            ;             ;
; Average used               ; 1.00        ;
; Maximum used               ; 1           ;
;                            ;             ;
; Usage by Processor         ; % Time Used ;
;     Processor 1            ; 100.0%      ;
+----------------------------+-------------+


+---------------------------------------------------------------------------------------------------------------------------------------------------------------------------+
; Analysis & Synthesis Source Files Read                                                                                                                                    ;
+----------------------------------+-----------------+------------------------------+-----------------------------------------------------------------------------+---------+
; File Name with User-Entered Path ; Used in Netlist ; File Type                    ; File Name with Absolute Path                                                ; Library ;
+----------------------------------+-----------------+------------------------------+-----------------------------------------------------------------------------+---------+
; bufferMUX.sv                     ; yes             ; User SystemVerilog HDL File  ; C:/Users/zdrag/Documents/GitHub/385-FA2022/Lab5/bufferMUX.sv                ;         ;
; provided/test_memory.sv          ; yes             ; User SystemVerilog HDL File  ; C:/Users/zdrag/Documents/GitHub/385-FA2022/Lab5/provided/test_memory.sv     ;         ;
; provided/synchronizers.sv        ; yes             ; User SystemVerilog HDL File  ; C:/Users/zdrag/Documents/GitHub/385-FA2022/Lab5/provided/synchronizers.sv   ;         ;
; provided/slc3_testtop.sv         ; yes             ; User SystemVerilog HDL File  ; C:/Users/zdrag/Documents/GitHub/385-FA2022/Lab5/provided/slc3_testtop.sv    ;         ;
; provided/SLC3_2.sv               ; yes             ; User SystemVerilog HDL File  ; C:/Users/zdrag/Documents/GitHub/385-FA2022/Lab5/provided/SLC3_2.sv          ;         ;
; provided/slc3.sv                 ; yes             ; User SystemVerilog HDL File  ; C:/Users/zdrag/Documents/GitHub/385-FA2022/Lab5/provided/slc3.sv            ;         ;
; provided/memory_contents.sv      ; yes             ; User SystemVerilog HDL File  ; C:/Users/zdrag/Documents/GitHub/385-FA2022/Lab5/provided/memory_contents.sv ;         ;
; provided/Mem2IO.sv               ; yes             ; User SystemVerilog HDL File  ; C:/Users/zdrag/Documents/GitHub/385-FA2022/Lab5/provided/Mem2IO.sv          ;         ;
; provided/ISDU.sv                 ; yes             ; User SystemVerilog HDL File  ; C:/Users/zdrag/Documents/GitHub/385-FA2022/Lab5/provided/ISDU.sv            ;         ;
; reg_16.sv                        ; yes             ; User SystemVerilog HDL File  ; C:/Users/zdrag/Documents/GitHub/385-FA2022/Lab5/reg_16.sv                   ;         ;
; o16MUX21.sv                      ; yes             ; User SystemVerilog HDL File  ; C:/Users/zdrag/Documents/GitHub/385-FA2022/Lab5/o16MUX21.sv                 ;         ;
; HexDriver.sv                     ; yes             ; User SystemVerilog HDL File  ; C:/Users/zdrag/Documents/GitHub/385-FA2022/Lab5/HexDriver.sv                ;         ;
+----------------------------------+-----------------+------------------------------+-----------------------------------------------------------------------------+---------+


+-----------------------------------------------------+
; Analysis & Synthesis Resource Usage Summary         ;
+---------------------------------------------+-------+
; Resource                                    ; Usage ;
+---------------------------------------------+-------+
;                                             ;       ;
; Total combinational functions               ; 0     ;
; Logic element usage by number of LUT inputs ;       ;
;     -- 4 input functions                    ; 0     ;
;     -- 3 input functions                    ; 0     ;
;     -- <=2 input functions                  ; 0     ;
;                                             ;       ;
; Logic elements by mode                      ;       ;
;     -- normal mode                          ; 0     ;
;     -- arithmetic mode                      ; 0     ;
;                                             ;       ;
; Total registers                             ; 0     ;
;     -- Dedicated logic registers            ; 0     ;
;     -- I/O registers                        ; 0     ;
;                                             ;       ;
; I/O pins                                    ; 51    ;
;                                             ;       ;
; Embedded Multiplier 9-bit elements          ; 0     ;
;                                             ;       ;
; Maximum fan-out node                        ; SW[0] ;
; Maximum fan-out                             ; 1     ;
; Total fan-out                               ; 51    ;
; Average fan-out                             ; 0.50  ;
+---------------------------------------------+-------+


+-------------------------------------------------------------------------------------------------------------------------------------------------------------------------------------------------------------------------------------+
; Analysis & Synthesis Resource Utilization by Entity                                                                                                                                                                                 ;
+----------------------------+---------------------+---------------------------+-------------+------------+--------------+---------+-----------+------+--------------+------------+---------------------+--------------+--------------+
; Compilation Hierarchy Node ; Combinational ALUTs ; Dedicated Logic Registers ; Memory Bits ; UFM Blocks ; DSP Elements ; DSP 9x9 ; DSP 18x18 ; Pins ; Virtual Pins ; ADC blocks ; Full Hierarchy Name ; Entity Name  ; Library Name ;
+----------------------------+---------------------+---------------------------+-------------+------------+--------------+---------+-----------+------+--------------+------------+---------------------+--------------+--------------+
; |slc3_testtop              ; 0 (0)               ; 0 (0)                     ; 0           ; 0          ; 0            ; 0       ; 0         ; 51   ; 0            ; 0          ; |slc3_testtop       ; slc3_testtop ; work         ;
+----------------------------+---------------------+---------------------------+-------------+------------+--------------+---------+-----------+------+--------------+------------+---------------------+--------------+--------------+
Note: For table entries with two numbers listed, the numbers in parentheses indicate the number of resources of the given type used by the specific entity alone. The numbers listed outside of parentheses indicate the total resources of the given type used by the specific entity and all of its sub-entities in the hierarchy.


Encoding Type:  One-Hot
+---------------------------------------------------------------------------------------------------------------------------------------------------+
; State Machine - |slc3_testtop|slc3:slc|ISDU:state_controller|State                                                                                ;
+----------------+------------+------------+--------------+--------------+------------+----------------+----------------+--------------+------------+
; Name           ; State.S_32 ; State.S_35 ; State.S_33_2 ; State.S_33_1 ; State.S_18 ; State.PauseIR2 ; State.PauseIR1 ; State.Halted ; State.S_01 ;
+----------------+------------+------------+--------------+--------------+------------+----------------+----------------+--------------+------------+
; State.Halted   ; 0          ; 0          ; 0            ; 0            ; 0          ; 0              ; 0              ; 0            ; 0          ;
; State.PauseIR1 ; 0          ; 0          ; 0            ; 0            ; 0          ; 0              ; 1              ; 1            ; 0          ;
; State.PauseIR2 ; 0          ; 0          ; 0            ; 0            ; 0          ; 1              ; 0              ; 1            ; 0          ;
; State.S_18     ; 0          ; 0          ; 0            ; 0            ; 1          ; 0              ; 0              ; 1            ; 0          ;
; State.S_33_1   ; 0          ; 0          ; 0            ; 1            ; 0          ; 0              ; 0              ; 1            ; 0          ;
; State.S_33_2   ; 0          ; 0          ; 1            ; 0            ; 0          ; 0              ; 0              ; 1            ; 0          ;
; State.S_35     ; 0          ; 1          ; 0            ; 0            ; 0          ; 0              ; 0              ; 1            ; 0          ;
; State.S_32     ; 1          ; 0          ; 0            ; 0            ; 0          ; 0              ; 0              ; 1            ; 0          ;
; State.S_01     ; 0          ; 0          ; 0            ; 0            ; 0          ; 0              ; 0              ; 1            ; 1          ;
+----------------+------------+------------+--------------+--------------+------------+----------------+----------------+--------------+------------+


+-------------------------------------------------------------------------------------------+
; Registers Removed During Synthesis                                                        ;
+--------------------------------------------------+----------------------------------------+
; Register name                                    ; Reason for Removal                     ;
+--------------------------------------------------+----------------------------------------+
; slc3:slc|reg_16:MDR_reg|Data_Out[0..11]          ; Lost fanout                            ;
; slc3:slc|reg_16:MAR_reg|Data_Out[0..15]          ; Lost fanout                            ;
; slc3:slc|Mem2IO:memory_subsystem|hex_data[0..15] ; Stuck at GND due to stuck port data_in ;
; slc3:slc|reg_16:IR_reg|Data_Out[12..15]          ; Lost fanout                            ;
; slc3:slc|reg_16:MDR_reg|Data_Out[12]             ; Lost fanout                            ;
; slc3:slc|reg_16:PC_reg|Data_Out[12]              ; Lost fanout                            ;
; slc3:slc|reg_16:MDR_reg|Data_Out[13]             ; Lost fanout                            ;
; slc3:slc|reg_16:PC_reg|Data_Out[13]              ; Lost fanout                            ;
; slc3:slc|reg_16:MDR_reg|Data_Out[14]             ; Lost fanout                            ;
; slc3:slc|reg_16:PC_reg|Data_Out[14]              ; Lost fanout                            ;
; slc3:slc|reg_16:MDR_reg|Data_Out[15]             ; Lost fanout                            ;
; slc3:slc|reg_16:PC_reg|Data_Out[0..11,15]        ; Lost fanout                            ;
; slc3:slc|ISDU:state_controller|State.S_32        ; Lost fanout                            ;
; slc3:slc|ISDU:state_controller|State.S_01        ; Lost fanout                            ;
; slc3:slc|ISDU:state_controller|State~2           ; Lost fanout                            ;
; slc3:slc|ISDU:state_controller|State~3           ; Lost fanout                            ;
; slc3:slc|ISDU:state_controller|State~4           ; Lost fanout                            ;
; sync:button_sync[0]|q                            ; Lost fanout                            ;
; sync:button_sync[1]|q                            ; Lost fanout                            ;
; slc3:slc|ISDU:state_controller|State.Halted      ; Lost fanout                            ;
; slc3:slc|ISDU:state_controller|State.PauseIR1    ; Lost fanout                            ;
; slc3:slc|ISDU:state_controller|State.PauseIR2    ; Lost fanout                            ;
; slc3:slc|ISDU:state_controller|State.S_18        ; Lost fanout                            ;
; slc3:slc|ISDU:state_controller|State.S_33_1      ; Lost fanout                            ;
; slc3:slc|ISDU:state_controller|State.S_33_2      ; Lost fanout                            ;
; slc3:slc|ISDU:state_controller|State.S_35        ; Lost fanout                            ;
; Total Number of Removed Registers = 82           ;                                        ;
+--------------------------------------------------+----------------------------------------+


+------------------------------------------------------------------------------------------------------------------------------------------------------+
; Removed Registers Triggering Further Register Optimizations                                                                                          ;
+----------------------------------------------+---------------------------+---------------------------------------------------------------------------+
; Register name                                ; Reason for Removal        ; Registers Removed due to This Register                                    ;
+----------------------------------------------+---------------------------+---------------------------------------------------------------------------+
; slc3:slc|Mem2IO:memory_subsystem|hex_data[5] ; Stuck at GND              ; sync:button_sync[0]|q, sync:button_sync[1]|q                              ;
;                                              ; due to stuck port data_in ;                                                                           ;
; slc3:slc|reg_16:IR_reg|Data_Out[12]          ; Lost Fanouts              ; slc3:slc|reg_16:MDR_reg|Data_Out[12], slc3:slc|reg_16:PC_reg|Data_Out[12] ;
; slc3:slc|reg_16:IR_reg|Data_Out[13]          ; Lost Fanouts              ; slc3:slc|reg_16:MDR_reg|Data_Out[13], slc3:slc|reg_16:PC_reg|Data_Out[13] ;
; slc3:slc|reg_16:IR_reg|Data_Out[14]          ; Lost Fanouts              ; slc3:slc|reg_16:MDR_reg|Data_Out[14], slc3:slc|reg_16:PC_reg|Data_Out[14] ;
; slc3:slc|reg_16:IR_reg|Data_Out[15]          ; Lost Fanouts              ; slc3:slc|reg_16:MDR_reg|Data_Out[15], slc3:slc|reg_16:PC_reg|Data_Out[15] ;
; slc3:slc|ISDU:state_controller|State~2       ; Lost Fanouts              ; slc3:slc|ISDU:state_controller|State.PauseIR2,                            ;
;                                              ;                           ; slc3:slc|ISDU:state_controller|State.S_33_1                               ;
; slc3:slc|ISDU:state_controller|State~3       ; Lost Fanouts              ; slc3:slc|ISDU:state_controller|State.S_33_2                               ;
; slc3:slc|ISDU:state_controller|State~4       ; Lost Fanouts              ; slc3:slc|ISDU:state_controller|State.S_18                                 ;
+----------------------------------------------+---------------------------+---------------------------------------------------------------------------+


+------------------------------------------------------+
; General Register Statistics                          ;
+----------------------------------------------+-------+
; Statistic                                    ; Value ;
+----------------------------------------------+-------+
; Total registers                              ; 0     ;
; Number of registers using Synchronous Clear  ; 0     ;
; Number of registers using Synchronous Load   ; 0     ;
; Number of registers using Asynchronous Clear ; 0     ;
; Number of registers using Asynchronous Load  ; 0     ;
; Number of registers using Clock Enable       ; 0     ;
; Number of registers using Preset             ; 0     ;
+----------------------------------------------+-------+


+------------------------------------------------------------------------------------------------------------------------------------------------------------------+
; Multiplexer Restructuring Statistics (Restructuring Performed)                                                                                                   ;
+--------------------+-----------+---------------+----------------------+------------------------+------------+----------------------------------------------------+
; Multiplexer Inputs ; Bus Width ; Baseline Area ; Area if Restructured ; Saving if Restructured ; Registered ; Example Multiplexer Output                         ;
+--------------------+-----------+---------------+----------------------+------------------------+------------+----------------------------------------------------+
; 3:1                ; 16 bits   ; 32 LEs        ; 16 LEs               ; 16 LEs                 ; Yes        ; |slc3_testtop|slc3:slc|reg_16:PC_reg|Data_Out[13]  ;
; 3:1                ; 4 bits    ; 8 LEs         ; 4 LEs                ; 4 LEs                  ; Yes        ; |slc3_testtop|slc3:slc|reg_16:IR_reg|Data_Out[12]  ;
; 4:1                ; 4 bits    ; 8 LEs         ; 4 LEs                ; 4 LEs                  ; Yes        ; |slc3_testtop|slc3:slc|reg_16:MDR_reg|Data_Out[15] ;
; 3:1                ; 4 bits    ; 8 LEs         ; 8 LEs                ; 0 LEs                  ; No         ; |slc3_testtop|slc3:slc|bufferMUX:bufferMUX|Mux15   ;
; 4:1                ; 2 bits    ; 4 LEs         ; 4 LEs                ; 0 LEs                  ; No         ; |slc3_testtop|slc3:slc|ISDU:state_controller|State ;
+--------------------+-----------+---------------+----------------------+------------------------+------------+----------------------------------------------------+


+--------------------------------------------------------------+
; Parameter Settings for User Entity Instance: test_memory:mem ;
+----------------+-------+-------------------------------------+
; Parameter Name ; Value ; Type                                ;
+----------------+-------+-------------------------------------+
; size           ; 256   ; Signed Integer                      ;
; init_external  ; 0     ; Signed Integer                      ;
+----------------+-------+-------------------------------------+
Note: In order to hide this table in the UI and the text report file, please set the "Show Parameter Settings in Synthesis Report" option in "Analysis and Synthesis Settings -> More Settings" to "Off".


+-----------------------------------------------------------------------------------+
; Parameter Settings for User Entity Instance: test_memory:mem|memory_parser:parser ;
+----------------+-------+----------------------------------------------------------+
; Parameter Name ; Value ; Type                                                     ;
+----------------+-------+----------------------------------------------------------+
; size           ; 256   ; Signed Integer                                           ;
+----------------+-------+----------------------------------------------------------+
Note: In order to hide this table in the UI and the text report file, please set the "Show Parameter Settings in Synthesis Report" option in "Analysis and Synthesis Settings -> More Settings" to "Off".


+--------------------------------------------------------------------------------------------------------------------+
; Port Connectivity Checks: "slc3:slc|ISDU:state_controller"                                                         ;
+----------+--------+----------+-------------------------------------------------------------------------------------+
; Port     ; Type   ; Severity ; Details                                                                             ;
+----------+--------+----------+-------------------------------------------------------------------------------------+
; BEN      ; Input  ; Info     ; Stuck at GND                                                                        ;
; LD_BEN   ; Output ; Info     ; Connected to dangling logic. Logic that only feeds a dangling port will be removed. ;
; LD_CC    ; Output ; Info     ; Connected to dangling logic. Logic that only feeds a dangling port will be removed. ;
; LD_REG   ; Output ; Info     ; Connected to dangling logic. Logic that only feeds a dangling port will be removed. ;
; LD_LED   ; Output ; Info     ; Connected to dangling logic. Logic that only feeds a dangling port will be removed. ;
; PCMUX    ; Output ; Info     ; Connected to dangling logic. Logic that only feeds a dangling port will be removed. ;
; DRMUX    ; Output ; Info     ; Connected to dangling logic. Logic that only feeds a dangling port will be removed. ;
; SR1MUX   ; Output ; Info     ; Connected to dangling logic. Logic that only feeds a dangling port will be removed. ;
; SR2MUX   ; Output ; Info     ; Connected to dangling logic. Logic that only feeds a dangling port will be removed. ;
; ADDR1MUX ; Output ; Info     ; Connected to dangling logic. Logic that only feeds a dangling port will be removed. ;
; ADDR2MUX ; Output ; Info     ; Connected to dangling logic. Logic that only feeds a dangling port will be removed. ;
; ALUK     ; Output ; Info     ; Connected to dangling logic. Logic that only feeds a dangling port will be removed. ;
+----------+--------+----------+-------------------------------------------------------------------------------------+


+-----------------------------------------------------------------------------------------------------------------------+
; Port Connectivity Checks: "slc3:slc|Mem2IO:memory_subsystem"                                                          ;
+-------------+--------+----------+-------------------------------------------------------------------------------------+
; Port        ; Type   ; Severity ; Details                                                                             ;
+-------------+--------+----------+-------------------------------------------------------------------------------------+
; Data_to_CPU ; Output ; Info     ; Connected to dangling logic. Logic that only feeds a dangling port will be removed. ;
+-------------+--------+----------+-------------------------------------------------------------------------------------+


+---------------------------------------------------------------------------------------------------------------------------+
; Port Connectivity Checks: "slc3:slc|reg_16:IR_reg"                                                                        ;
+-----------------+--------+----------+-------------------------------------------------------------------------------------+
; Port            ; Type   ; Severity ; Details                                                                             ;
+-----------------+--------+----------+-------------------------------------------------------------------------------------+
; Data_Out[10..6] ; Output ; Info     ; Connected to dangling logic. Logic that only feeds a dangling port will be removed. ;
; Data_Out[4..0]  ; Output ; Info     ; Connected to dangling logic. Logic that only feeds a dangling port will be removed. ;
+-----------------+--------+----------+-------------------------------------------------------------------------------------+


+----------------------------------------------------------+
; Port Connectivity Checks: "slc3:slc|bufferMUX:bufferMUX" ;
+--------+-------+----------+------------------------------+
; Port   ; Type  ; Severity ; Details                      ;
+--------+-------+----------+------------------------------+
; ADDR_R ; Input ; Info     ; Stuck at GND                 ;
; ALU    ; Input ; Info     ; Stuck at GND                 ;
+--------+-------+----------+------------------------------+


+------------------------------------------------------------------------------------------------------------------------+
; Port Connectivity Checks: "slc3:slc"                                                                                   ;
+--------------+--------+----------+-------------------------------------------------------------------------------------+
; Port         ; Type   ; Severity ; Details                                                                             ;
+--------------+--------+----------+-------------------------------------------------------------------------------------+
; ADDR[15..10] ; Output ; Info     ; Connected to dangling logic. Logic that only feeds a dangling port will be removed. ;
+--------------+--------+----------+-------------------------------------------------------------------------------------+


+-----------------------------------------------------+
; Post-Synthesis Netlist Statistics for Top Partition ;
+-----------------------+-----------------------------+
; Type                  ; Count                       ;
+-----------------------+-----------------------------+
; boundary_port         ; 51                          ;
; cycloneiii_lcell_comb ; 2                           ;
;     normal            ; 2                           ;
;         0 data inputs ; 2                           ;
;                       ;                             ;
; Max LUT depth         ; 0.00                        ;
; Average LUT depth     ; 0.00                        ;
+-----------------------+-----------------------------+


+-------------------------------+
; Elapsed Time Per Partition    ;
+----------------+--------------+
; Partition Name ; Elapsed Time ;
+----------------+--------------+
; Top            ; 00:00:01     ;
+----------------+--------------+


+-------------------------------+
; Analysis & Synthesis Messages ;
+-------------------------------+
Info: *******************************************************************
Info: Running Quartus Prime Analysis & Synthesis
    Info: Version 18.1.0 Build 625 09/12/2018 SJ Lite Edition
    Info: Processing started: Wed Sep 28 17:55:12 2022
Info: Command: quartus_map --read_settings_files=on --write_settings_files=off Lab5 -c Lab5
Warning (18236): Number of processors has not been specified which may cause overloading on shared machines.  Set the global assignment NUM_PARALLEL_PROCESSORS in your QSF to an appropriate value for best performance.
Info (20030): Parallel compilation is enabled and will use 4 of the 4 processors detected
Info (12021): Found 1 design units, including 1 entities, in source file i5sext.sv
    Info (12023): Found entity 1: i5SEXT File: C:/Users/zdrag/Documents/GitHub/385-FA2022/Lab5/i5SEXT.sv Line: 1
Info (12021): Found 1 design units, including 1 entities, in source file buffermux.sv
    Info (12023): Found entity 1: bufferMUX File: C:/Users/zdrag/Documents/GitHub/385-FA2022/Lab5/bufferMUX.sv Line: 1
Info (12021): Found 1 design units, including 1 entities, in source file provided/test_memory.sv
    Info (12023): Found entity 1: test_memory File: C:/Users/zdrag/Documents/GitHub/385-FA2022/Lab5/provided/test_memory.sv Line: 26
Info (12021): Found 3 design units, including 3 entities, in source file provided/synchronizers.sv
    Info (12023): Found entity 1: sync File: C:/Users/zdrag/Documents/GitHub/385-FA2022/Lab5/provided/synchronizers.sv Line: 7
    Info (12023): Found entity 2: sync_r0 File: C:/Users/zdrag/Documents/GitHub/385-FA2022/Lab5/provided/synchronizers.sv Line: 21
    Info (12023): Found entity 3: sync_r1 File: C:/Users/zdrag/Documents/GitHub/385-FA2022/Lab5/provided/synchronizers.sv Line: 42
Info (12021): Found 1 design units, including 1 entities, in source file provided/slc3_testtop.sv
    Info (12023): Found entity 1: slc3_testtop File: C:/Users/zdrag/Documents/GitHub/385-FA2022/Lab5/provided/slc3_testtop.sv Line: 4
Info (12021): Found 1 design units, including 1 entities, in source file provided/slc3_sramtop.sv
    Info (12023): Found entity 1: slc3_sramtop File: C:/Users/zdrag/Documents/GitHub/385-FA2022/Lab5/provided/slc3_sramtop.sv Line: 5
Info (12021): Found 1 design units, including 0 entities, in source file provided/slc3_2.sv
    Info (12022): Found design unit 1: SLC3_2 (SystemVerilog) File: C:/Users/zdrag/Documents/GitHub/385-FA2022/Lab5/provided/SLC3_2.sv Line: 24
Info (12021): Found 1 design units, including 1 entities, in source file provided/slc3.sv
    Info (12023): Found entity 1: slc3 File: C:/Users/zdrag/Documents/GitHub/385-FA2022/Lab5/provided/slc3.sv Line: 20
Info (12021): Found 1 design units, including 1 entities, in source file provided/memory_contents.sv
    Info (12023): Found entity 1: memory_parser File: C:/Users/zdrag/Documents/GitHub/385-FA2022/Lab5/provided/memory_contents.sv Line: 18
Info (12021): Found 1 design units, including 1 entities, in source file provided/mem2io.sv
    Info (12023): Found entity 1: Mem2IO File: C:/Users/zdrag/Documents/GitHub/385-FA2022/Lab5/provided/Mem2IO.sv Line: 16
Info (12021): Found 1 design units, including 1 entities, in source file provided/isdu.sv
    Info (12023): Found entity 1: ISDU File: C:/Users/zdrag/Documents/GitHub/385-FA2022/Lab5/provided/ISDU.sv Line: 19
Info (12021): Found 1 design units, including 1 entities, in source file provided/instantiateram.sv
    Info (12023): Found entity 1: Instantiateram File: C:/Users/zdrag/Documents/GitHub/385-FA2022/Lab5/provided/Instantiateram.sv Line: 18
Info (12021): Found 1 design units, including 1 entities, in source file ram.v
    Info (12023): Found entity 1: ram File: C:/Users/zdrag/Documents/GitHub/385-FA2022/Lab5/ram.v Line: 39
Info (12021): Found 1 design units, including 1 entities, in source file reg_16.sv
    Info (12023): Found entity 1: reg_16 File: C:/Users/zdrag/Documents/GitHub/385-FA2022/Lab5/reg_16.sv Line: 1
Info (12021): Found 1 design units, including 1 entities, in source file o16mux21.sv
    Info (12023): Found entity 1: o16MUX21 File: C:/Users/zdrag/Documents/GitHub/385-FA2022/Lab5/o16MUX21.sv Line: 1
Info (12021): Found 1 design units, including 1 entities, in source file o3mux.sv
    Info (12023): Found entity 1: o3MUX File: C:/Users/zdrag/Documents/GitHub/385-FA2022/Lab5/o3MUX.sv Line: 1
Info (12021): Found 1 design units, including 1 entities, in source file o16mux31.sv
    Info (12023): Found entity 1: o16MUX31 File: C:/Users/zdrag/Documents/GitHub/385-FA2022/Lab5/o16MUX31.sv Line: 1
Info (12021): Found 1 design units, including 1 entities, in source file o16mux41.sv
    Info (12023): Found entity 1: o16MUX41 File: C:/Users/zdrag/Documents/GitHub/385-FA2022/Lab5/o16MUX41.sv Line: 1
Info (12021): Found 1 design units, including 1 entities, in source file i6sext.sv
    Info (12023): Found entity 1: i6SEXT File: C:/Users/zdrag/Documents/GitHub/385-FA2022/Lab5/i6SEXT.sv Line: 1
Info (12021): Found 1 design units, including 1 entities, in source file i9sext.sv
    Info (12023): Found entity 1: i9SEXT File: C:/Users/zdrag/Documents/GitHub/385-FA2022/Lab5/i9SEXT.sv Line: 1
Info (12021): Found 1 design units, including 1 entities, in source file i11sext.sv
    Info (12023): Found entity 1: i11SEXT File: C:/Users/zdrag/Documents/GitHub/385-FA2022/Lab5/i11SEXT.sv Line: 1
Info (12021): Found 1 design units, including 1 entities, in source file reg_file.sv
    Info (12023): Found entity 1: reg_file File: C:/Users/zdrag/Documents/GitHub/385-FA2022/Lab5/reg_file.sv Line: 1
Info (12021): Found 1 design units, including 1 entities, in source file hexdriver.sv
    Info (12023): Found entity 1: HexDriver File: C:/Users/zdrag/Documents/GitHub/385-FA2022/Lab5/HexDriver.sv Line: 1
Info (12127): Elaborating entity "slc3_testtop" for the top level hierarchy
Info (12128): Elaborating entity "sync" for hierarchy "sync:button_sync[0]" File: C:/Users/zdrag/Documents/GitHub/385-FA2022/Lab5/provided/slc3_testtop.sv Line: 15
Info (12128): Elaborating entity "slc3" for hierarchy "slc3:slc" File: C:/Users/zdrag/Documents/GitHub/385-FA2022/Lab5/provided/slc3_testtop.sv Line: 29
Warning (10030): Net "ALU" at slc3.sv(48) has no driver or initial value, using a default initial value '0' File: C:/Users/zdrag/Documents/GitHub/385-FA2022/Lab5/provided/slc3.sv Line: 48
Warning (10030): Net "BEN" at slc3.sv(45) has no driver or initial value, using a default initial value '0' File: C:/Users/zdrag/Documents/GitHub/385-FA2022/Lab5/provided/slc3.sv Line: 45
Warning (10034): Output port "LED" at slc3.sv(23) has no driver File: C:/Users/zdrag/Documents/GitHub/385-FA2022/Lab5/provided/slc3.sv Line: 23
Info (12128): Elaborating entity "HexDriver" for hierarchy "slc3:slc|HexDriver:hex_drivers[0]" File: C:/Users/zdrag/Documents/GitHub/385-FA2022/Lab5/provided/slc3.sv Line: 36
Info (12128): Elaborating entity "bufferMUX" for hierarchy "slc3:slc|bufferMUX:bufferMUX" File: C:/Users/zdrag/Documents/GitHub/385-FA2022/Lab5/provided/slc3.sv Line: 57
Info (10264): Verilog HDL Case Statement information at bufferMUX.sv(10): all case item expressions in this case statement are onehot File: C:/Users/zdrag/Documents/GitHub/385-FA2022/Lab5/bufferMUX.sv Line: 10
Info (12128): Elaborating entity "o16MUX21" for hierarchy "slc3:slc|o16MUX21:MIO" File: C:/Users/zdrag/Documents/GitHub/385-FA2022/Lab5/provided/slc3.sv Line: 59
Info (12128): Elaborating entity "reg_16" for hierarchy "slc3:slc|reg_16:MAR_reg" File: C:/Users/zdrag/Documents/GitHub/385-FA2022/Lab5/provided/slc3.sv Line: 61
Info (12128): Elaborating entity "Mem2IO" for hierarchy "slc3:slc|Mem2IO:memory_subsystem" File: C:/Users/zdrag/Documents/GitHub/385-FA2022/Lab5/provided/slc3.sv Line: 74
Info (12128): Elaborating entity "ISDU" for hierarchy "slc3:slc|ISDU:state_controller" File: C:/Users/zdrag/Documents/GitHub/385-FA2022/Lab5/provided/slc3.sv Line: 81
Info (12128): Elaborating entity "test_memory" for hierarchy "test_memory:mem" File: C:/Users/zdrag/Documents/GitHub/385-FA2022/Lab5/provided/slc3_testtop.sv Line: 30
Warning (10034): Output port "readout" at test_memory.sv(32) has no driver File: C:/Users/zdrag/Documents/GitHub/385-FA2022/Lab5/provided/test_memory.sv Line: 32
Info (12128): Elaborating entity "memory_parser" for hierarchy "test_memory:mem|memory_parser:parser" File: C:/Users/zdrag/Documents/GitHub/385-FA2022/Lab5/provided/test_memory.sv Line: 71
Warning (12158): Entity "memory_parser" contains only dangling pins File: C:/Users/zdrag/Documents/GitHub/385-FA2022/Lab5/provided/test_memory.sv Line: 71
Warning (13046): Tri-state node(s) do not directly drive top-level pin(s)
    Warning (13049): Converted tri-state buffer "slc3:slc|bufferMUX:bufferMUX|Output[12]" feeding internal logic into a wire File: C:/Users/zdrag/Documents/GitHub/385-FA2022/Lab5/bufferMUX.sv Line: 5
    Warning (13049): Converted tri-state buffer "slc3:slc|bufferMUX:bufferMUX|Output[13]" feeding internal logic into a wire File: C:/Users/zdrag/Documents/GitHub/385-FA2022/Lab5/bufferMUX.sv Line: 5
    Warning (13049): Converted tri-state buffer "slc3:slc|bufferMUX:bufferMUX|Output[14]" feeding internal logic into a wire File: C:/Users/zdrag/Documents/GitHub/385-FA2022/Lab5/bufferMUX.sv Line: 5
    Warning (13049): Converted tri-state buffer "slc3:slc|bufferMUX:bufferMUX|Output[15]" feeding internal logic into a wire File: C:/Users/zdrag/Documents/GitHub/385-FA2022/Lab5/bufferMUX.sv Line: 5
Warning (13024): Output pins are stuck at VCC or GND
    Warning (13410): Pin "LED[0]" is stuck at GND File: C:/Users/zdrag/Documents/GitHub/385-FA2022/Lab5/provided/slc3_testtop.sv Line: 7
    Warning (13410): Pin "LED[1]" is stuck at GND File: C:/Users/zdrag/Documents/GitHub/385-FA2022/Lab5/provided/slc3_testtop.sv Line: 7
    Warning (13410): Pin "LED[2]" is stuck at GND File: C:/Users/zdrag/Documents/GitHub/385-FA2022/Lab5/provided/slc3_testtop.sv Line: 7
    Warning (13410): Pin "LED[3]" is stuck at GND File: C:/Users/zdrag/Documents/GitHub/385-FA2022/Lab5/provided/slc3_testtop.sv Line: 7
    Warning (13410): Pin "LED[4]" is stuck at GND File: C:/Users/zdrag/Documents/GitHub/385-FA2022/Lab5/provided/slc3_testtop.sv Line: 7
    Warning (13410): Pin "LED[5]" is stuck at GND File: C:/Users/zdrag/Documents/GitHub/385-FA2022/Lab5/provided/slc3_testtop.sv Line: 7
    Warning (13410): Pin "LED[6]" is stuck at GND File: C:/Users/zdrag/Documents/GitHub/385-FA2022/Lab5/provided/slc3_testtop.sv Line: 7
    Warning (13410): Pin "LED[7]" is stuck at GND File: C:/Users/zdrag/Documents/GitHub/385-FA2022/Lab5/provided/slc3_testtop.sv Line: 7
    Warning (13410): Pin "LED[8]" is stuck at GND File: C:/Users/zdrag/Documents/GitHub/385-FA2022/Lab5/provided/slc3_testtop.sv Line: 7
    Warning (13410): Pin "LED[9]" is stuck at GND File: C:/Users/zdrag/Documents/GitHub/385-FA2022/Lab5/provided/slc3_testtop.sv Line: 7
    Warning (13410): Pin "HEX0[0]" is stuck at GND File: C:/Users/zdrag/Documents/GitHub/385-FA2022/Lab5/provided/slc3_testtop.sv Line: 8
    Warning (13410): Pin "HEX0[1]" is stuck at GND File: C:/Users/zdrag/Documents/GitHub/385-FA2022/Lab5/provided/slc3_testtop.sv Line: 8
    Warning (13410): Pin "HEX0[2]" is stuck at GND File: C:/Users/zdrag/Documents/GitHub/385-FA2022/Lab5/provided/slc3_testtop.sv Line: 8
    Warning (13410): Pin "HEX0[3]" is stuck at GND File: C:/Users/zdrag/Documents/GitHub/385-FA2022/Lab5/provided/slc3_testtop.sv Line: 8
    Warning (13410): Pin "HEX0[4]" is stuck at GND File: C:/Users/zdrag/Documents/GitHub/385-FA2022/Lab5/provided/slc3_testtop.sv Line: 8
    Warning (13410): Pin "HEX0[5]" is stuck at GND File: C:/Users/zdrag/Documents/GitHub/385-FA2022/Lab5/provided/slc3_testtop.sv Line: 8
    Warning (13410): Pin "HEX0[6]" is stuck at VCC File: C:/Users/zdrag/Documents/GitHub/385-FA2022/Lab5/provided/slc3_testtop.sv Line: 8
    Warning (13410): Pin "HEX1[0]" is stuck at GND File: C:/Users/zdrag/Documents/GitHub/385-FA2022/Lab5/provided/slc3_testtop.sv Line: 8
    Warning (13410): Pin "HEX1[1]" is stuck at GND File: C:/Users/zdrag/Documents/GitHub/385-FA2022/Lab5/provided/slc3_testtop.sv Line: 8
    Warning (13410): Pin "HEX1[2]" is stuck at GND File: C:/Users/zdrag/Documents/GitHub/385-FA2022/Lab5/provided/slc3_testtop.sv Line: 8
    Warning (13410): Pin "HEX1[3]" is stuck at GND File: C:/Users/zdrag/Documents/GitHub/385-FA2022/Lab5/provided/slc3_testtop.sv Line: 8
    Warning (13410): Pin "HEX1[4]" is stuck at GND File: C:/Users/zdrag/Documents/GitHub/385-FA2022/Lab5/provided/slc3_testtop.sv Line: 8
    Warning (13410): Pin "HEX1[5]" is stuck at GND File: C:/Users/zdrag/Documents/GitHub/385-FA2022/Lab5/provided/slc3_testtop.sv Line: 8
    Warning (13410): Pin "HEX1[6]" is stuck at VCC File: C:/Users/zdrag/Documents/GitHub/385-FA2022/Lab5/provided/slc3_testtop.sv Line: 8
    Warning (13410): Pin "HEX2[0]" is stuck at GND File: C:/Users/zdrag/Documents/GitHub/385-FA2022/Lab5/provided/slc3_testtop.sv Line: 8
    Warning (13410): Pin "HEX2[1]" is stuck at GND File: C:/Users/zdrag/Documents/GitHub/385-FA2022/Lab5/provided/slc3_testtop.sv Line: 8
    Warning (13410): Pin "HEX2[2]" is stuck at GND File: C:/Users/zdrag/Documents/GitHub/385-FA2022/Lab5/provided/slc3_testtop.sv Line: 8
    Warning (13410): Pin "HEX2[3]" is stuck at GND File: C:/Users/zdrag/Documents/GitHub/385-FA2022/Lab5/provided/slc3_testtop.sv Line: 8
    Warning (13410): Pin "HEX2[4]" is stuck at GND File: C:/Users/zdrag/Documents/GitHub/385-FA2022/Lab5/provided/slc3_testtop.sv Line: 8
    Warning (13410): Pin "HEX2[5]" is stuck at GND File: C:/Users/zdrag/Documents/GitHub/385-FA2022/Lab5/provided/slc3_testtop.sv Line: 8
    Warning (13410): Pin "HEX2[6]" is stuck at VCC File: C:/Users/zdrag/Documents/GitHub/385-FA2022/Lab5/provided/slc3_testtop.sv Line: 8
    Warning (13410): Pin "HEX3[0]" is stuck at GND File: C:/Users/zdrag/Documents/GitHub/385-FA2022/Lab5/provided/slc3_testtop.sv Line: 12
    Warning (13410): Pin "HEX3[1]" is stuck at GND File: C:/Users/zdrag/Documents/GitHub/385-FA2022/Lab5/provided/slc3_testtop.sv Line: 12
    Warning (13410): Pin "HEX3[2]" is stuck at GND File: C:/Users/zdrag/Documents/GitHub/385-FA2022/Lab5/provided/slc3_testtop.sv Line: 12
    Warning (13410): Pin "HEX3[3]" is stuck at GND File: C:/Users/zdrag/Documents/GitHub/385-FA2022/Lab5/provided/slc3_testtop.sv Line: 12
    Warning (13410): Pin "HEX3[4]" is stuck at GND File: C:/Users/zdrag/Documents/GitHub/385-FA2022/Lab5/provided/slc3_testtop.sv Line: 12
    Warning (13410): Pin "HEX3[5]" is stuck at GND File: C:/Users/zdrag/Documents/GitHub/385-FA2022/Lab5/provided/slc3_testtop.sv Line: 12
    Warning (13410): Pin "HEX3[6]" is stuck at VCC File: C:/Users/zdrag/Documents/GitHub/385-FA2022/Lab5/provided/slc3_testtop.sv Line: 12
Info (17049): 66 registers lost all their fanouts during netlist optimizations.
Info (144001): Generated suppressed messages file C:/Users/zdrag/Documents/GitHub/385-FA2022/Lab5/output_files/Lab5.map.smsg
Info (16010): Generating hard_block partition "hard_block:auto_generated_inst"
    Info (16011): Adding 0 node(s), including 0 DDIO, 0 PLL, 0 transceiver and 0 LCELL
Warning (21074): Design contains 13 input pin(s) that do not drive logic
    Warning (15610): No output dependent on input pin "SW[0]" File: C:/Users/zdrag/Documents/GitHub/385-FA2022/Lab5/provided/slc3_testtop.sv Line: 5
    Warning (15610): No output dependent on input pin "SW[1]" File: C:/Users/zdrag/Documents/GitHub/385-FA2022/Lab5/provided/slc3_testtop.sv Line: 5
    Warning (15610): No output dependent on input pin "SW[2]" File: C:/Users/zdrag/Documents/GitHub/385-FA2022/Lab5/provided/slc3_testtop.sv Line: 5
    Warning (15610): No output dependent on input pin "SW[3]" File: C:/Users/zdrag/Documents/GitHub/385-FA2022/Lab5/provided/slc3_testtop.sv Line: 5
    Warning (15610): No output dependent on input pin "SW[4]" File: C:/Users/zdrag/Documents/GitHub/385-FA2022/Lab5/provided/slc3_testtop.sv Line: 5
    Warning (15610): No output dependent on input pin "SW[5]" File: C:/Users/zdrag/Documents/GitHub/385-FA2022/Lab5/provided/slc3_testtop.sv Line: 5
    Warning (15610): No output dependent on input pin "SW[6]" File: C:/Users/zdrag/Documents/GitHub/385-FA2022/Lab5/provided/slc3_testtop.sv Line: 5
    Warning (15610): No output dependent on input pin "SW[7]" File: C:/Users/zdrag/Documents/GitHub/385-FA2022/Lab5/provided/slc3_testtop.sv Line: 5
    Warning (15610): No output dependent on input pin "SW[8]" File: C:/Users/zdrag/Documents/GitHub/385-FA2022/Lab5/provided/slc3_testtop.sv Line: 5
    Warning (15610): No output dependent on input pin "SW[9]" File: C:/Users/zdrag/Documents/GitHub/385-FA2022/Lab5/provided/slc3_testtop.sv Line: 5
    Warning (15610): No output dependent on input pin "Clk" File: C:/Users/zdrag/Documents/GitHub/385-FA2022/Lab5/provided/slc3_testtop.sv Line: 6
    Warning (15610): No output dependent on input pin "Continue" File: C:/Users/zdrag/Documents/GitHub/385-FA2022/Lab5/provided/slc3_testtop.sv Line: 6
    Warning (15610): No output dependent on input pin "Run" File: C:/Users/zdrag/Documents/GitHub/385-FA2022/Lab5/provided/slc3_testtop.sv Line: 6
Info (21057): Implemented 51 device resources after synthesis - the final resource count might be different
    Info (21058): Implemented 13 input pins
    Info (21059): Implemented 38 output pins
Info: Quartus Prime Analysis & Synthesis was successful. 0 errors, 64 warnings
    Info: Peak virtual memory: 4758 megabytes
    Info: Processing ended: Wed Sep 28 17:55:48 2022
    Info: Elapsed time: 00:00:36
    Info: Total CPU time (on all processors): 00:01:21


+------------------------------------------+
; Analysis & Synthesis Suppressed Messages ;
+------------------------------------------+
The suppressed messages can be found in C:/Users/zdrag/Documents/GitHub/385-FA2022/Lab5/output_files/Lab5.map.smsg.


